0 verbose cli /opt/alt/alt-nodejs16/root/usr/bin/node /opt/alt/alt-nodejs16/root/usr/bin/npm
1 info using npm@8.15.0
2 info using node@v16.17.0
3 timing npm:load:whichnode Completed in 1ms
4 timing config:load:defaults Completed in 2ms
5 timing config:load:file:/opt/alt/alt-nodejs16/root/usr/lib/node_modules/npm/npmrc Completed in 4ms
6 timing config:load:builtin Completed in 4ms
7 timing config:load:cli Completed in 5ms
8 timing config:load:env Completed in 1ms
9 timing config:load:file:/home2/playmor/nodevenv/public_html/yard/16/lib/.npmrc Completed in 4ms
10 timing config:load:project Completed in 4ms
11 timing config:load:file:/home2/playmor/.npmrc Completed in 1ms
12 timing config:load:user Completed in 1ms
13 timing config:load:file:/home2/playmor/nodevenv/public_html/yard/16/lib/etc/npmrc Completed in 0ms
14 timing config:load:global Completed in 0ms
15 timing config:load:validate Completed in 0ms
16 timing config:load:credentials Completed in 14ms
17 timing config:load:setEnvs Completed in 2ms
18 timing config:load Completed in 39ms
19 timing npm:load:configload Completed in 39ms
20 timing npm:load:mkdirpcache Completed in 5ms
21 timing npm:load:mkdirplogs Completed in 1ms
22 verbose title npm install
23 verbose argv "install" "--prefix" "/home2/playmor/nodevenv/public_html/yard/16/lib"
24 timing npm:load:setTitle Completed in 2ms
25 timing config:load:flatten Completed in 5ms
26 timing npm:load:display Completed in 7ms
27 verbose logfile logs-max:10 dir:/home2/playmor/.npm/_logs
28 verbose logfile /home2/playmor/.npm/_logs/2022-09-06T17_55_41_319Z-debug-0.log
29 timing npm:load:logFile Completed in 32ms
30 timing npm:load:timers Completed in 0ms
31 timing npm:load:configScope Completed in 0ms
32 timing npm:load Completed in 89ms
33 timing arborist:ctor Completed in 2ms
34 silly logfile done cleaning log files
35 timing idealTree:init Completed in 377ms
36 timing idealTree:userRequests Completed in 1ms
37 silly idealTree buildDeps
38 timing idealTree:#root Completed in 0ms
39 timing idealTree:buildDeps Completed in 2ms
40 timing idealTree:fixDepFlags Completed in 0ms
41 timing idealTree Completed in 384ms
42 timing arborist:ctor Completed in 0ms
43 timing reify:loadTrees Completed in 531ms
44 timing reify:diffTrees Completed in 8ms
45 silly reify moves {}
46 timing reify:retireShallow Completed in 3ms
47 timing reify:createSparse Completed in 0ms
48 timing reify:loadBundles Completed in 0ms
49 silly audit bulk request {
49 silly audit   accepts: [ '1.3.8' ],
49 silly audit   acorn: [ '7.4.1' ],
49 silly audit   'acorn-node': [ '1.8.2' ],
49 silly audit   'acorn-walk': [ '7.2.0' ],
49 silly audit   amdefine: [ '1.0.1' ],
49 silly audit   'array-flatten': [ '1.1.1' ],
49 silly audit   'array-from': [ '2.1.1' ],
49 silly audit   'ast-transform': [ '0.0.0' ],
49 silly audit   'ast-types': [ '0.7.8' ],
49 silly audit   'babel-runtime': [ '6.26.0' ],
49 silly audit   'base64-js': [ '1.5.1', '0.0.8' ],
49 silly audit   'body-parser': [ '1.19.2' ],
49 silly audit   brfs: [ '2.0.2' ],
49 silly audit   brotli: [ '1.3.2' ],
49 silly audit   'browser-resolve': [ '1.11.3' ],
49 silly audit   resolve: [ '1.1.7', '1.22.0' ],
49 silly audit   'browserify-optional': [ '1.0.1' ],
49 silly audit   'buffer-equal': [ '0.0.1' ],
49 silly audit   'buffer-from': [ '1.1.2' ],
49 silly audit   bytes: [ '3.1.2' ],
49 silly audit   'call-bind': [ '1.0.2' ],
49 silly audit   clone: [ '1.0.4' ],
49 silly audit   'concat-stream': [ '1.6.2' ],
49 silly audit   'content-disposition': [ '0.5.4' ],
49 silly audit   'content-type': [ '1.0.4' ],
49 silly audit   'convert-source-map': [ '1.8.0' ],
49 silly audit   'safe-buffer': [ '5.1.2', '5.2.1' ],
49 silly audit   cookie: [ '0.4.2' ],
49 silly audit   'cookie-signature': [ '1.0.6' ],
49 silly audit   'core-js': [ '2.6.12' ],
49 silly audit   'core-util-is': [ '1.0.3' ],
49 silly audit   cors: [ '2.8.5' ],
49 silly audit   'crypto-js': [ '4.1.1' ],
49 silly audit   d: [ '1.0.1' ],
49 silly audit   'dash-ast': [ '2.0.1' ],
49 silly audit   debug: [ '2.6.9' ],
49 silly audit   'deep-equal': [ '1.1.1' ],
49 silly audit   'deep-is': [ '0.1.4' ],
49 silly audit   'define-properties': [ '1.1.3' ],
49 silly audit   depd: [ '1.1.2' ],
49 silly audit   destroy: [ '1.0.4' ],
49 silly audit   dfa: [ '1.2.0' ],
49 silly audit   dotenv: [ '10.0.0' ],
49 silly audit   duplexer2: [ '0.1.4' ],
49 silly audit   'ee-first': [ '1.1.1' ],
49 silly audit   encodeurl: [ '1.0.2' ],
49 silly audit   'es5-ext': [ '0.10.60' ],
49 silly audit   'es6-iterator': [ '2.0.3' ],
49 silly audit   'es6-map': [ '0.1.5' ],
49 silly audit   'es6-set': [ '0.1.5' ],
49 silly audit   'es6-symbol': [ '3.1.1', '3.1.3' ],
49 silly audit   'escape-html': [ '1.0.3' ],
49 silly audit   escodegen: [ '1.2.0', '1.14.3' ],
49 silly audit   esprima: [ '1.0.4', '4.0.1' ],
49 silly audit   estraverse: [ '1.5.1', '4.3.0' ],
49 silly audit   'estree-is-function': [ '1.0.0' ],
49 silly audit   esutils: [ '1.0.0', '2.0.3' ],
49 silly audit   etag: [ '1.8.1' ],
49 silly audit   'event-emitter': [ '0.3.5' ],
49 silly audit   express: [ '4.17.3' ],
49 silly audit   ext: [ '1.6.0' ],
49 silly audit   type: [ '2.6.0', '1.2.0' ],
49 silly audit   'fast-levenshtein': [ '2.0.6' ],
49 silly audit   finalhandler: [ '1.1.2' ],
49 silly audit   fontkit: [ '1.8.1' ],
49 silly audit   forwarded: [ '0.2.0' ],
49 silly audit   fresh: [ '0.5.2' ],
49 silly audit   'function-bind': [ '1.1.1' ],
49 silly audit   'get-assigned-identifiers': [ '1.2.0' ],
49 silly audit   'get-intrinsic': [ '1.1.1' ],
49 silly audit   has: [ '1.0.3' ],
49 silly audit   'has-symbols': [ '1.0.3' ],
49 silly audit   'has-tostringtag': [ '1.0.0' ],
49 silly audit   'http-errors': [ '1.8.1' ],
49 silly audit   'iconv-lite': [ '0.4.24' ],
49 silly audit   inherits: [ '2.0.4' ],
49 silly audit   'ipaddr.js': [ '1.9.1' ],
49 silly audit   'is-arguments': [ '1.1.1' ],
49 silly audit   'is-core-module': [ '2.8.1' ],
49 silly audit   'is-date-object': [ '1.0.5' ],
49 silly audit   'is-regex': [ '1.1.4' ],
49 silly audit   isarray: [ '1.0.0' ],
49 silly audit   levn: [ '0.3.0' ],
49 silly audit   linebreak: [ '1.0.2' ],
49 silly audit   'unicode-trie': [ '1.0.0', '2.0.0', '0.3.1' ],
49 silly audit   'magic-string': [ '0.25.1' ],
49 silly audit   'media-typer': [ '0.3.0' ],
49 silly audit   'merge-descriptors': [ '1.0.1' ],
49 silly audit   'merge-source-map': [ '1.0.4' ],
49 silly audit   'source-map': [ '0.5.7', '0.1.43', '0.6.1' ],
49 silly audit   methods: [ '1.1.2' ],
49 silly audit   mime: [ '1.6.0' ],
49 silly audit   'mime-db': [ '1.52.0' ],
49 silly audit   'mime-types': [ '2.1.35' ],
49 silly audit   minimist: [ '1.2.6' ],
49 silly audit   ms: [ '2.0.0', '2.1.3' ],
49 silly audit   negotiator: [ '0.6.3' ],
49 silly audit   'next-tick': [ '1.1.0' ],
49 silly audit   nodemailer: [ '6.7.3' ],
49 silly audit   'object-assign': [ '4.1.1' ],
49 silly audit   'object-inspect': [ '1.12.0' ],
49 silly audit   'object-is': [ '1.1.5' ],
49 silly audit   'object-keys': [ '1.1.1' ],
49 silly audit   'on-finished': [ '2.3.0' ],
49 silly audit   optionator: [ '0.8.3' ],
49 silly audit   pako: [ '0.2.9' ],
49 silly audit   parseurl: [ '1.3.3' ],
49 silly audit   'path-parse': [ '1.0.7' ],
49 silly audit   'path-to-regexp': [ '0.1.7' ],
49 silly audit   pdfkit: [ '0.13.0' ],
49 silly audit   'png-js': [ '1.0.0' ],
49 silly audit   'prelude-ls': [ '1.1.2' ],
49 silly audit   'process-nextick-args': [ '2.0.1' ],
49 silly audit   'proxy-addr': [ '2.0.7' ],
49 silly audit   qs: [ '6.9.7' ],
49 silly audit   'quote-stream': [ '1.0.2' ],
49 silly audit   'range-parser': [ '1.2.1' ],
49 silly audit   'raw-body': [ '2.4.3' ],
49 silly audit   'readable-stream': [ '2.3.7' ],
49 silly audit   'regenerator-runtime': [ '0.11.1' ],
49 silly audit   'regexp.prototype.flags': [ '1.4.1' ],
49 silly audit   restructure: [ '0.5.4' ],
49 silly audit   'safer-buffer': [ '2.1.2' ],
49 silly audit   'scope-analyzer': [ '2.1.2' ],
49 silly audit   send: [ '0.17.2' ],
49 silly audit   'serve-static': [ '1.14.2' ],
49 silly audit   setprototypeof: [ '1.2.0' ],
49 silly audit   'shallow-copy': [ '0.0.1' ],
49 silly audit   'sourcemap-codec': [ '1.4.8' ],
49 silly audit   'static-eval': [ '2.1.0' ],
49 silly audit   'static-module': [ '3.0.4' ],
49 silly audit   statuses: [ '1.5.0' ],
49 silly audit   string_decoder: [ '1.1.1' ],
49 silly audit   'supports-preserve-symlinks-flag': [ '1.0.0' ],
49 silly audit   through: [ '2.3.8' ],
49 silly audit   through2: [ '2.0.5' ],
49 silly audit   'tiny-inflate': [ '1.0.3' ],
49 silly audit   toidentifier: [ '1.0.1' ],
49 silly audit   'type-check': [ '0.3.2' ],
49 silly audit   'type-is': [ '1.6.18' ],
49 silly audit   typedarray: [ '0.0.6' ],
49 silly audit   'unicode-properties': [ '1.3.1' ],
49 silly audit   unpipe: [ '1.0.0' ],
49 silly audit   'util-deprecate': [ '1.0.2' ],
49 silly audit   'utils-merge': [ '1.0.1' ],
49 silly audit   vary: [ '1.1.2' ],
49 silly audit   'word-wrap': [ '1.2.3' ],
49 silly audit   xtend: [ '4.0.2' ]
49 silly audit }
50 timing reify:unpack Completed in 1ms
51 timing reify:unretire Completed in 0ms
52 timing build:queue Completed in 0ms
53 timing build:deps Completed in 0ms
54 timing build Completed in 0ms
55 timing reify:build Completed in 1ms
56 timing reify:trash Completed in 0ms
57 timing reify:save Completed in 57ms
58 http fetch POST 200 https://registry.npmjs.org/-/npm/v1/security/advisories/bulk 369ms
59 timing auditReport:getReport Completed in 376ms
60 silly audit report {}
61 timing auditReport:init Completed in 0ms
62 timing reify:audit Completed in 377ms
63 timing reify Completed in 986ms
64 timing command:install Completed in 1010ms
65 verbose exit 0
66 timing npm Completed in 1359ms
67 info ok
